2023-07-23 01:10:47,987 [main] INFO baseclass - open browser
2023-07-23 01:10:48,224 [main] INFO baseclass - maximize window
2023-07-23 01:10:48,242 [main] INFO baseclass - open window
2023-07-23 01:10:53,475 [main] INFO baseclass - open browser
2023-07-23 01:10:53,661 [main] INFO baseclass - maximize window
2023-07-23 01:10:53,675 [main] INFO baseclass - open window
2023-07-23 01:12:48,555 [main] INFO baseclass - open browser
2023-07-23 01:12:48,716 [main] INFO baseclass - maximize window
2023-07-23 01:12:48,727 [main] INFO baseclass - open window
2023-07-23 01:14:22,599 [main] INFO baseclass - open browser
2023-07-23 01:14:22,770 [main] INFO baseclass - maximize window
2023-07-23 01:14:22,780 [main] INFO baseclass - open window
2023-07-23 01:17:26,436 [main] INFO baseclass - open browser
2023-07-23 01:17:26,603 [main] INFO baseclass - maximize window
2023-07-23 01:17:26,613 [main] INFO baseclass - open window
2023-07-23 01:19:07,871 [main] INFO baseclass - open browser
2023-07-23 01:19:08,056 [main] INFO baseclass - maximize window
2023-07-23 01:19:08,070 [main] INFO baseclass - open window
2023-07-23 01:19:11,814 [main] INFO baseclass - close browser
2023-07-23 01:19:11,952 [main] INFO baseclass - signup on page
2023-07-23 01:19:14,073 [main] INFO baseclass - enter the mail to new account
2023-07-23 01:19:14,431 [main] INFO baseclass - click on submit button
2023-07-23 01:23:04,099 [main] INFO baseclass - open browser
2023-07-23 01:23:04,262 [main] INFO baseclass - maximize window
2023-07-23 01:23:04,274 [main] INFO baseclass - open window
2023-07-23 01:26:24,176 [main] INFO baseclass - open browser
2023-07-23 01:26:24,336 [main] INFO baseclass - maximize window
2023-07-23 01:26:24,348 [main] INFO baseclass - open window
2023-07-23 01:45:02,051 [main] INFO baseclass - open browser
2023-07-23 01:45:02,225 [main] INFO baseclass - maximize window
2023-07-23 01:45:02,254 [main] INFO baseclass - open window
2023-07-23 01:47:46,038 [main] INFO baseclass - open browser
2023-07-23 01:47:46,201 [main] INFO baseclass - maximize window
2023-07-23 01:47:46,210 [main] INFO baseclass - open window
2023-07-23 01:49:30,648 [main] INFO baseclass - open browser
2023-07-23 01:49:30,800 [main] INFO baseclass - maximize window
2023-07-23 01:49:30,811 [main] INFO baseclass - open window
2023-07-23 01:51:57,561 [main] INFO baseclass - open browser
2023-07-23 01:51:57,727 [main] INFO baseclass - maximize window
2023-07-23 01:51:57,738 [main] INFO baseclass - open window
2023-07-23 01:51:57,739 [main] INFO baseclass - close browser
2023-07-23 01:51:57,788 [main] INFO baseclass - entering the url
2023-07-23 01:53:25,064 [main] INFO baseclass - open browser
2023-07-23 01:53:25,238 [main] INFO baseclass - maximize window
2023-07-23 01:53:25,247 [main] INFO baseclass - open window
2023-07-23 01:53:25,248 [main] INFO baseclass - close browser
2023-07-23 01:53:25,293 [main] INFO baseclass - entering the url
2023-07-23 01:53:29,114 [main] INFO baseclass - signup on page
2023-07-23 01:53:30,569 [main] INFO baseclass - enter the mail to new account
2023-07-23 01:53:30,765 [main] INFO baseclass - click on submit button
2023-07-23 01:54:36,647 [main] INFO baseclass - open browser
2023-07-23 01:54:36,802 [main] INFO baseclass - maximize window
2023-07-23 01:54:36,814 [main] INFO baseclass - open window
2023-07-23 01:54:36,815 [main] INFO baseclass - close browser
2023-07-23 01:54:36,873 [main] INFO baseclass - entering the url
2023-07-23 01:55:46,989 [main] INFO baseclass - open browser
2023-07-23 01:55:47,147 [main] INFO baseclass - maximize window
2023-07-23 01:55:47,169 [main] INFO baseclass - open window
2023-07-23 01:55:47,171 [main] INFO baseclass - close browser
2023-07-23 01:55:47,224 [main] INFO baseclass - entering the url
2023-07-23 01:56:12,339 [main] INFO baseclass - open browser
2023-07-23 01:56:12,491 [main] INFO baseclass - maximize window
2023-07-23 01:56:12,501 [main] INFO baseclass - open window
2023-07-23 01:56:12,502 [main] INFO baseclass - close browser
2023-07-23 01:56:12,550 [main] INFO baseclass - entering the url
